====================================================================================
Epoch: 0-----------------------------
Train_loss: 0.5788864493370056
====================================================================================
====================================================================================
Epoch: 0-----------------------------
Train_loss: 0.44447025656700134
====================================================================================
====================================================================================
Epoch: 0-----------------------------
Train_loss: 0.41520050168037415
====================================================================================
====================================================================================
====================================================================================
Epoch: 0-----------------------------
Train_loss: 0.9341508746147156
====================================================================================
====================================================================================
Epoch: 0-----------------------------
Train_loss: 0.3502170145511627
====================================================================================
====================================================================================
Epoch: 0-----------------------------
Train_loss: 0.6692045331001282
====================================================================================
====================================================================================
Epoch: 0-----------------------------
Train_loss: 0.525812566280365
====================================================================================
Epoch: 0-----------------------------
Train_loss: 0.4995203912258148
====================================================================================
Epoch: 0-----------------------------
Train_loss: 0.2972298264503479
====================================================================================
Epoch: 0-----------------------------
Train_loss: 0.20811021327972412
====================================================================================
Epoch: 0-----------------------------
Train_loss: 0.1718546748161316
====================================================================================
Epoch: 0-----------------------------
Train_loss: 0.12769760191440582
====================================================================================
Epoch: 0-----------------------------
Train_loss: 0.12219209969043732
====================================================================================
Epoch: 0-----------------------------
Train_loss: 0.06974624842405319
====================================================================================
Epoch: 0-----------------------------
Train_loss: 0.0399995893239975
====================================================================================
Epoch: 0-----------------------------
Train_loss: 0.025236500427126884
====================================================================================
Epoch: 0-----------------------------
Train_loss: 0.020629718899726868
====================================================================================
Epoch: 0-----------------------------
Train_loss: 0.016322895884513855
====================================================================================
Epoch: 0-----------------------------
Train_loss: 0.00974268652498722
====================================================================================
Epoch: 0-----------------------------
Train_loss: 0.006748977117240429
====================================================================================
Epoch: 0-----------------------------
Train_loss: 0.0036184806376695633
====================================================================================
Epoch: 0-----------------------------
Train_loss: 0.003192449454218149
====================================================================================
Epoch: 0-----------------------------
Train_loss: 0.0015614947769790888
====================================================================================
Epoch: 0-----------------------------
Train_loss: 0.0014986485475674272
====================================================================================
Epoch: 0-----------------------------
Train_loss: 0.0007715824176557362
====================================================================================
Epoch: 0-----------------------------
Train_loss: 0.0010584949050098658
====================================================================================
Epoch: 0-----------------------------
Train_loss: 0.0005330810672603548
====================================================================================
Epoch: 0-----------------------------
Train_loss: 0.00011824862303910777
====================================================================================
Epoch: 0-----------------------------
Train_loss: 0.000125281119835563
====================================================================================
Epoch: 0-----------------------------
Train_loss: 0.00011050090688513592
====================================================================================
Epoch: 0-----------------------------
Train_loss: 4.053033626405522e-05
====================================================================================
Epoch: 0-----------------------------
Train_loss: 1.5735502529423684e-05
====================================================================================
Epoch: 0-----------------------------
Train_loss: 7.271740287251305e-06
====================================================================================
Epoch: 0-----------------------------
Train_loss: 6.437280717364047e-06
====================================================================================
Epoch: 0-----------------------------
Train_loss: 3.4570634852570947e-06
====================================================================================
Epoch: 0-----------------------------
Train_loss: 7.033323527139146e-06
====================================================================================
Epoch: 0-----------------------------
Train_loss: 1.5497195136049413e-06
====================================================================================
Epoch: 0-----------------------------
Train_loss: 1.6689286894688848e-06
====================================================================================
Epoch: 0-----------------------------
Train_loss: 3.576278118089249e-07
====================================================================================
Epoch: 0-----------------------------
Train_loss: 1.1920928244535389e-07
====================================================================================
Epoch: 0-----------------------------
Train_loss: 2.3841855067985307e-07
====================================================================================
Epoch: 0-----------------------------
Train_loss: 1.1920928244535389e-07
====================================================================================
Epoch: 0-----------------------------
Train_loss: 1.1920928244535389e-07
====================================================================================
Epoch: 0-----------------------------
Train_loss: 0.0
====================================================================================
Epoch: 0-----------------------------
Train_loss: 0.0
====================================================================================
Epoch: 0-----------------------------
Train_loss: 0.0
====================================================================================
Epoch: 0-----------------------------
Train_loss: 0.0
====================================================================================
Epoch: 0-----------------------------
Train_loss: 0.0
====================================================================================
Epoch: 0-----------------------------
Train_loss: 0.0
====================================================================================
Epoch: 0-----------------------------
Train_loss: 0.0
====================================================================================
Epoch: 0-----------------------------
Train_loss: 0.0
====================================================================================
Epoch: 0-----------------------------
Train_loss: 0.0
====================================================================================
Epoch: 0-----------------------------
Train_loss: 0.0
====================================================================================
Epoch: 0-----------------------------
Train_loss: 0.0
====================================================================================
Epoch: 0-----------------------------
Train_loss: 0.0
====================================================================================
Epoch: 0-----------------------------
Train_loss: 0.0
====================================================================================
Epoch: 0-----------------------------
Train_loss: 0.0
====================================================================================
Epoch: 0-----------------------------
Train_loss: 0.0
====================================================================================
Epoch: 0-----------------------------
Train_loss: 0.0
====================================================================================
Epoch: 0-----------------------------
Train_loss: 0.0
====================================================================================
Epoch: 0-----------------------------
Train_loss: 0.0
====================================================================================
Epoch: 0-----------------------------
Train_loss: 0.0
====================================================================================
Epoch: 0-----------------------------
Train_loss: 0.0
====================================================================================
Epoch: 0-----------------------------
Train_loss: 0.0
====================================================================================
Epoch: 0-----------------------------
Train_loss: 0.0
====================================================================================
Epoch: 0-----------------------------
Train_loss: 0.0
====================================================================================
Epoch: 0-----------------------------
Train_loss: 0.0
====================================================================================
Epoch: 0-----------------------------
Train_loss: 0.0
====================================================================================
Epoch: 0-----------------------------
Train_loss: 0.0
====================================================================================
Epoch: 0-----------------------------
Train_loss: 0.0
====================================================================================
Epoch: 0-----------------------------
Train_loss: 0.0
====================================================================================
Epoch: 0-----------------------------
Train_loss: 0.0
====================================================================================
Epoch: 0-----------------------------
Train_loss: 0.0
====================================================================================
Epoch: 0-----------------------------
Train_loss: 0.0
====================================================================================
Epoch: 0-----------------------------
Train_loss: 0.0
====================================================================================
Epoch: 0-----------------------------
Train_loss: 0.0
====================================================================================
Epoch: 0-----------------------------
Train_loss: 0.0
====================================================================================
Epoch: 0-----------------------------
Train_loss: 0.0
====================================================================================
Epoch: 0-----------------------------
Train_loss: 0.0
====================================================================================
Epoch: 0-----------------------------
Train_loss: 0.0
====================================================================================
Epoch: 0-----------------------------
Train_loss: 0.0
====================================================================================
Epoch: 0-----------------------------
Train_loss: 0.0
====================================================================================
Epoch: 0-----------------------------
Train_loss: 0.0
====================================================================================
Epoch: 0-----------------------------
Train_loss: 0.0
====================================================================================
Epoch: 0-----------------------------
Train_loss: 0.0
====================================================================================
Epoch: 0-----------------------------
Train_loss: 0.0
====================================================================================
Epoch: 0-----------------------------
Train_loss: 0.0
====================================================================================
Epoch: 0-----------------------------
Train_loss: 0.0
====================================================================================
Epoch: 0-----------------------------
Train_loss: 0.0
====================================================================================
Epoch: 0-----------------------------
Train_loss: 0.0
====================================================================================
Epoch: 0-----------------------------
Train_loss: 0.0
====================================================================================
Epoch: 0-----------------------------
Train_loss: 0.0
====================================================================================
Epoch: 0-----------------------------
Train_loss: 0.0
====================================================================================
Epoch: 0-----------------------------
Train_loss: 0.0
====================================================================================
Epoch: 0-----------------------------
Train_loss: 0.0
====================================================================================
Epoch: 0-----------------------------
Train_loss: 0.0
====================================================================================
Epoch: 0-----------------------------
Train_loss: 0.0
====================================================================================
Epoch: 0-----------------------------
Train_loss: 0.0
====================================================================================
Epoch: 0-----------------------------
Train_loss: 0.0
====================================================================================
Epoch: 0-----------------------------
Train_loss: 0.0
====================================================================================
Epoch: 0-----------------------------
Train_loss: 0.0
====================================================================================
Epoch: 0-----------------------------
Train_loss: 0.0
====================================================================================
Epoch: 0-----------------------------
Train_loss: 0.0
====================================================================================
Epoch: 0-----------------------------
Train_loss: 0.8077077269554138
====================================================================================
Epoch: 0-----------------------------
Train_loss: 0.5691447257995605
====================================================================================
Epoch: 0-----------------------------
Train_loss: 0.4757364094257355
====================================================================================
Epoch: 0-----------------------------
Train_loss: 0.2969434857368469
====================================================================================
Epoch: 0-----------------------------
Train_loss: 0.2268390655517578
====================================================================================
Epoch: 0-----------------------------
Train_loss: 0.17500744760036469
====================================================================================
Epoch: 0-----------------------------
Train_loss: 0.18348221480846405
====================================================================================
Epoch: 0-----------------------------
Train_loss: 0.09322033822536469
====================================================================================
Epoch: 0-----------------------------
Train_loss: 0.0683189183473587
====================================================================================
Epoch: 0-----------------------------
Train_loss: 0.07747001945972443
====================================================================================
Epoch: 0-----------------------------
Train_loss: 0.04333809018135071
====================================================================================
Epoch: 0-----------------------------
Train_loss: 0.02168259397149086
====================================================================================
Epoch: 0-----------------------------
Train_loss: 0.02362634800374508
====================================================================================
Epoch: 0-----------------------------
Train_loss: 0.016338611021637917
====================================================================================
Epoch: 0-----------------------------
Train_loss: 0.012332729063928127
====================================================================================
Epoch: 0-----------------------------
Train_loss: 0.010261161252856255
====================================================================================
Epoch: 0-----------------------------
Train_loss: 0.002959160367026925
====================================================================================
Epoch: 0-----------------------------
Train_loss: 0.0015093612018972635
====================================================================================
Epoch: 0-----------------------------
Train_loss: 0.0019150504376739264
====================================================================================
Epoch: 0-----------------------------
Train_loss: 0.0009394046501256526
====================================================================================
Epoch: 0-----------------------------
Train_loss: 0.0008571050129830837
====================================================================================
Epoch: 0-----------------------------
Train_loss: 0.00032729512895457447
====================================================================================
Epoch: 0-----------------------------
Train_loss: 0.0002460177056491375
====================================================================================
Epoch: 0-----------------------------
Train_loss: 0.0001668790791882202
====================================================================================
Epoch: 0-----------------------------
Train_loss: 7.30726242181845e-05
====================================================================================
Epoch: 0-----------------------------
Train_loss: 3.4927710657939315e-05
====================================================================================
Epoch: 0-----------------------------
Train_loss: 3.564294092939235e-05
====================================================================================
Epoch: 0-----------------------------
Train_loss: 8.583032467868179e-06
====================================================================================
Epoch: 0-----------------------------
Train_loss: 1.1444026313256472e-05
====================================================================================
Epoch: 0-----------------------------
Train_loss: 2.9802276912960224e-06
====================================================================================
Epoch: 0-----------------------------
Train_loss: 8.22540732769994e-06
====================================================================================
Epoch: 0-----------------------------
Train_loss: 2.9802276912960224e-06
====================================================================================
Epoch: 0-----------------------------
Train_loss: 5.960462772236497e-07
====================================================================================
Epoch: 0-----------------------------
Train_loss: 9.536738616588991e-07
====================================================================================
Epoch: 0-----------------------------
Train_loss: 1.1920928244535389e-07
====================================================================================
Epoch: 0-----------------------------
Train_loss: 1.1920928244535389e-07
====================================================================================
Epoch: 0-----------------------------
Train_loss: 1.1920928244535389e-07
====================================================================================
Epoch: 0-----------------------------
Train_loss: 0.0
====================================================================================
Epoch: 0-----------------------------
Train_loss: 0.0
====================================================================================
Epoch: 0-----------------------------
Train_loss: 0.0
====================================================================================
Epoch: 0-----------------------------
Train_loss: 1.1920928244535389e-07
====================================================================================
Epoch: 0-----------------------------
Train_loss: 0.0
====================================================================================
Epoch: 0-----------------------------
Train_loss: 0.0
====================================================================================
Epoch: 0-----------------------------
Train_loss: 0.0
====================================================================================
Epoch: 0-----------------------------
Train_loss: 0.0
====================================================================================
Epoch: 0-----------------------------
Train_loss: 0.0
====================================================================================
Epoch: 0-----------------------------
Train_loss: 0.0
====================================================================================
Epoch: 0-----------------------------
Train_loss: 0.0
====================================================================================
Epoch: 0-----------------------------
Train_loss: 0.4801681339740753
====================================================================================
Epoch: 0-----------------------------
Train_loss: 0.3533037304878235
====================================================================================
Epoch: 0-----------------------------
Train_loss: 0.28808480501174927
====================================================================================
Epoch: 0-----------------------------
Train_loss: 0.19756250083446503
====================================================================================
Epoch: 0-----------------------------
Train_loss: 0.1389065682888031
====================================================================================
Epoch: 0-----------------------------
Train_loss: 0.11619602888822556
====================================================================================
Epoch: 0-----------------------------
Train_loss: 0.0735272616147995
====================================================================================
Epoch: 0-----------------------------
Train_loss: 0.0808413103222847
====================================================================================
Epoch: 0-----------------------------
Train_loss: 0.03167891502380371
====================================================================================
Epoch: 0-----------------------------
Train_loss: 0.02071402780711651
====================================================================================
Epoch: 0-----------------------------
Train_loss: 0.013852526433765888
====================================================================================
Epoch: 0-----------------------------
Train_loss: 0.010736675001680851
====================================================================================
Epoch: 0-----------------------------
Train_loss: 0.0042700073681771755
====================================================================================
Epoch: 0-----------------------------
Train_loss: 0.003946375101804733
====================================================================================
Epoch: 0-----------------------------
Train_loss: 0.0017391807632520795
====================================================================================
Epoch: 0-----------------------------
Train_loss: 0.0012940136948600411
====================================================================================
Epoch: 0-----------------------------
Train_loss: 0.0011737607419490814
====================================================================================
Epoch: 0-----------------------------
Train_loss: 0.0006003961316309869
====================================================================================
Epoch: 0-----------------------------
Train_loss: 0.00025245340657420456
====================================================================================
Epoch: 0-----------------------------
Train_loss: 0.00015948931104503572
====================================================================================
Epoch: 0-----------------------------
Train_loss: 0.00011407678539399058
====================================================================================
Epoch: 0-----------------------------
Train_loss: 3.4689302992774174e-05
====================================================================================
Epoch: 0-----------------------------
Train_loss: 0.6797320246696472
====================================================================================
Epoch: 0-----------------------------
Train_loss: 0.5114539265632629
====================================================================================
Epoch: 0-----------------------------
Train_loss: 0.2839280962944031
====================================================================================
Epoch: 0-----------------------------
Train_loss: 0.20548801124095917
====================================================================================
Epoch: 0-----------------------------
Train_loss: 0.19141867756843567
====================================================================================
Epoch: 0-----------------------------
Train_loss: 0.1258399784564972
====================================================================================
Epoch: 0-----------------------------
Train_loss: 0.09401540458202362
====================================================================================
Epoch: 0-----------------------------
Train_loss: 0.06876940280199051
====================================================================================
Epoch: 0-----------------------------
Train_loss: 0.04982443526387215
====================================================================================
Epoch: 0-----------------------------
Train_loss: 0.037211012095212936
====================================================================================
Epoch: 0-----------------------------
Train_loss: 0.02798791415989399
====================================================================================
Epoch: 0-----------------------------
Train_loss: 0.01371731236577034
====================================================================================
Epoch: 0-----------------------------
Train_loss: 0.01330544427037239
====================================================================================
Epoch: 0-----------------------------
Train_loss: 0.011234124191105366
====================================================================================
Epoch: 0-----------------------------
Train_loss: 0.004853017162531614
====================================================================================
Epoch: 0-----------------------------
Train_loss: 0.005676222499459982
====================================================================================
Epoch: 0-----------------------------
Train_loss: 0.002616674406453967
====================================================================================
Epoch: 0-----------------------------
Train_loss: 0.0014362744987010956
====================================================================================
Epoch: 0-----------------------------
Train_loss: 0.0010482537327334285
====================================================================================
Epoch: 0-----------------------------
Train_loss: 0.0004580163804348558
====================================================================================
Epoch: 0-----------------------------
Train_loss: 0.0002797450579237193
====================================================================================
Epoch: 0-----------------------------
Train_loss: 0.0002706876548472792
====================================================================================
Epoch: 0-----------------------------
Train_loss: 0.000161038784426637
====================================================================================
Epoch: 0-----------------------------
Train_loss: 4.446407547220588e-05
====================================================================================
Epoch: 0-----------------------------
Train_loss: 4.279521817807108e-05
====================================================================================
Epoch: 0-----------------------------
Train_loss: 5.507317473529838e-05
====================================================================================
Epoch: 0-----------------------------
Train_loss: 1.847726889536716e-05
====================================================================================
Epoch: 0-----------------------------
Train_loss: 3.814689989667386e-06
====================================================================================
Epoch: 0-----------------------------
Train_loss: 3.933898824470816e-06
====================================================================================
Epoch: 0-----------------------------
Train_loss: 2.7418097943154862e-06
====================================================================================
Epoch: 0-----------------------------
Train_loss: 1.1920922133867862e-06
====================================================================================
Epoch: 0-----------------------------
Train_loss: 5.960462772236497e-07
====================================================================================
Epoch: 0-----------------------------
Train_loss: 2.3841855067985307e-07
====================================================================================
Epoch: 0-----------------------------
Train_loss: 1.1920928244535389e-07
====================================================================================
Epoch: 0-----------------------------
Train_loss: 1.1920928244535389e-07
====================================================================================
Epoch: 0-----------------------------
Train_loss: 1.1920928244535389e-07
====================================================================================
Epoch: 0-----------------------------
Train_loss: 1.076280117034912
====================================================================================
Epoch: 0-----------------------------
Train_loss: 0.6266592144966125
====================================================================================
Epoch: 0-----------------------------
Train_loss: 0.488136351108551
====================================================================================
Epoch: 0-----------------------------
Train_loss: 0.38552990555763245
====================================================================================
Epoch: 0-----------------------------
Train_loss: 0.2761465311050415
====================================================================================
Epoch: 0-----------------------------
Train_loss: 0.30050039291381836
====================================================================================
Epoch: 0-----------------------------
Train_loss: 0.17740486562252045
====================================================================================
Epoch: 0-----------------------------
Train_loss: 0.11623964458703995
====================================================================================
Epoch: 0-----------------------------
Train_loss: 0.0675543025135994
====================================================================================
Epoch: 0-----------------------------
Train_loss: 0.12152481824159622
====================================================================================
Epoch: 0-----------------------------
Train_loss: 0.03401005640625954
====================================================================================
Epoch: 0-----------------------------
Train_loss: 0.033267974853515625
====================================================================================
Epoch: 0-----------------------------
Train_loss: 0.014028042554855347
====================================================================================
Epoch: 0-----------------------------
Train_loss: 0.012735700234770775
====================================================================================
Epoch: 0-----------------------------
Train_loss: 0.007578314282000065
====================================================================================
Epoch: 0-----------------------------
Train_loss: 0.0051805065013468266
====================================================================================
Epoch: 0-----------------------------
Train_loss: 0.006559270434081554
====================================================================================
Epoch: 0-----------------------------
Train_loss: 0.002563525689765811
====================================================================================
Epoch: 0-----------------------------
Train_loss: 0.002093744231387973
====================================================================================
Epoch: 0-----------------------------
Train_loss: 0.0008337597246281803
====================================================================================
Epoch: 0-----------------------------
Train_loss: 0.0012485336046665907
====================================================================================
Epoch: 0-----------------------------
Train_loss: 0.0005989664932712913
====================================================================================
Epoch: 0-----------------------------
Train_loss: 0.00021169328829273582
====================================================================================
Epoch: 0-----------------------------
Train_loss: 0.0001691436773398891
====================================================================================
Epoch: 0-----------------------------
Train_loss: 0.00014685506175737828
====================================================================================
Epoch: 0-----------------------------
Train_loss: 5.090107151772827e-05
====================================================================================
Epoch: 0-----------------------------
Train_loss: 1.5139465176616795e-05
====================================================================================
Epoch: 0-----------------------------
Train_loss: 3.85038583772257e-05
====================================================================================
Epoch: 0-----------------------------
Train_loss: 0.4034219980239868
====================================================================================
Epoch: 0-----------------------------
Train_loss: 0.34011712670326233
====================================================================================
Epoch: 0-----------------------------
Train_loss: 0.20527231693267822
====================================================================================
Epoch: 0-----------------------------
Train_loss: 0.15925554931163788
====================================================================================
Epoch: 0-----------------------------
Train_loss: 0.10824834555387497
====================================================================================
Epoch: 0-----------------------------
Train_loss: 0.09353446960449219
====================================================================================
====================================================================================
Epoch: 0-----------------------------
Train_loss: 0.7106467485427856
====================================================================================
Epoch: 0-----------------------------
Train_loss: 0.4503992795944214
====================================================================================
Epoch: 0-----------------------------
Train_loss: 0.370633065700531
====================================================================================
Epoch: 0-----------------------------
Train_loss: 0.3386385440826416
====================================================================================
Epoch: 0-----------------------------
Train_loss: 0.2912883460521698
====================================================================================
Epoch: 0-----------------------------
Train_loss: 0.23331843316555023
====================================================================================
Epoch: 0-----------------------------
Train_loss: 0.1534733772277832
====================================================================================
Epoch: 0-----------------------------
Train_loss: 0.11956259608268738
====================================================================================
Epoch: 0-----------------------------
Train_loss: 0.10938926786184311
====================================================================================
Epoch: 0-----------------------------
Train_loss: 0.08839922398328781
====================================================================================
Epoch: 0-----------------------------
Train_loss: 0.048949845135211945
====================================================================================
Epoch: 0-----------------------------
Train_loss: 0.0347292535007
====================================================================================
Epoch: 0-----------------------------
Train_loss: 0.028124341741204262
====================================================================================
Epoch: 0-----------------------------
Train_loss: 0.019403528422117233
====================================================================================
Epoch: 0-----------------------------
Train_loss: 0.020327692851424217
====================================================================================
Epoch: 0-----------------------------
Train_loss: 0.012939301319420338
====================================================================================
Epoch: 0-----------------------------
Train_loss: 0.011160330846905708
====================================================================================
Epoch: 0-----------------------------
Train_loss: 0.00669794250279665
====================================================================================
Epoch: 0-----------------------------
Train_loss: 0.004729631822556257
====================================================================================
Epoch: 0-----------------------------
Train_loss: 0.0028449322562664747
====================================================================================
Epoch: 0-----------------------------
Train_loss: 0.0030529340729117393
====================================================================================
Epoch: 0-----------------------------
Train_loss: 0.0016415942227467895
====================================================================================
Epoch: 0-----------------------------
Train_loss: 0.0008181562297977507
====================================================================================
Epoch: 0-----------------------------
Train_loss: 0.0005663221818394959
====================================================================================
Epoch: 0-----------------------------
Train_loss: 0.00038485272671096027
====================================================================================
Epoch: 0-----------------------------
Train_loss: 0.00023850933939684182
====================================================================================
Epoch: 0-----------------------------
Train_loss: 0.00017450717859901488
====================================================================================
Epoch: 0-----------------------------
Train_loss: 0.00021479207498487085
====================================================================================
Epoch: 0-----------------------------
Train_loss: 4.5298504119273275e-05
====================================================================================
Epoch: 0-----------------------------
Train_loss: 3.71926071238704e-05
====================================================================================
Epoch: 0-----------------------------
Train_loss: 3.0278701160568744e-05
====================================================================================
Epoch: 0-----------------------------
Train_loss: 1.3351351299206726e-05
====================================================================================
Epoch: 0-----------------------------
Train_loss: 7.390948667307384e-06
====================================================================================
Epoch: 0-----------------------------
Train_loss: 4.529942543740617e-06
====================================================================================
Epoch: 0-----------------------------
Train_loss: 4.768360213347478e-06
====================================================================================
Epoch: 0-----------------------------
Train_loss: 4.529942543740617e-06
====================================================================================
Epoch: 0-----------------------------
Train_loss: 4.0531076592742465e-06
====================================================================================
Epoch: 0-----------------------------
Train_loss: 4.768370445162873e-07
====================================================================================
Epoch: 0-----------------------------
Train_loss: 4.768370445162873e-07
====================================================================================
Epoch: 0-----------------------------
Train_loss: 7.152555099310121e-07
====================================================================================
Epoch: 0-----------------------------
Train_loss: 2.3841855067985307e-07
====================================================================================
Epoch: 0-----------------------------
Train_loss: 1.1920928244535389e-07
====================================================================================
Epoch: 0-----------------------------
Train_loss: 1.1920928244535389e-07
====================================================================================
Epoch: 0-----------------------------
Train_loss: 0.0
====================================================================================
Epoch: 0-----------------------------
Train_loss: 0.0
====================================================================================
Epoch: 0-----------------------------
Train_loss: 0.0
====================================================================================
Epoch: 0-----------------------------
Train_loss: 0.0
====================================================================================
Epoch: 0-----------------------------
Train_loss: 0.0
====================================================================================
Epoch: 0-----------------------------
Train_loss: 0.0
====================================================================================
Epoch: 0-----------------------------
Train_loss: 0.0
====================================================================================
Epoch: 0-----------------------------
Train_loss: 0.0
====================================================================================
Epoch: 0-----------------------------
Train_loss: 0.0
====================================================================================
Epoch: 0-----------------------------
Train_loss: 0.0
====================================================================================
Epoch: 0-----------------------------
Train_loss: 0.0
====================================================================================
Epoch: 0-----------------------------
Train_loss: 0.0
====================================================================================
Epoch: 0-----------------------------
Train_loss: 0.0
====================================================================================
Epoch: 0-----------------------------
Train_loss: 0.0
====================================================================================
Epoch: 0-----------------------------
Train_loss: 0.0
====================================================================================
Epoch: 0-----------------------------
Train_loss: 0.0
====================================================================================
Epoch: 0-----------------------------
Train_loss: 0.0
====================================================================================
Epoch: 0-----------------------------
Train_loss: 0.0
====================================================================================
Epoch: 0-----------------------------
Train_loss: 0.0
====================================================================================
Epoch: 0-----------------------------
Train_loss: 0.0
====================================================================================
Epoch: 0-----------------------------
Train_loss: 0.0
====================================================================================
Epoch: 0-----------------------------
Train_loss: 0.0
